#-----------------------------------------------------------
# PlanAhead v14.7
# Build 321239 by xbuild on Fri Sep 27 19:31:35 MDT 2013
# Start of session at: Mon Dec 04 22:31:30 2017
# Process ID: 7232
# Log file: C:/Users/rv/Desktop/tyt_cpu2/tyt_cpu2/planAhead_run_1/planAhead.log
# Journal file: C:/Users/rv/Desktop/tyt_cpu2/tyt_cpu2/planAhead_run_1/planAhead.jou
#-----------------------------------------------------------
INFO: [Common 17-78] Attempting to get a license: PlanAhead
INFO: [Common 17-290] Got license for PlanAhead
INFO: [Device 21-36] Loading parts and site information from C:/Xilinx/14.7/ISE_DS/PlanAhead/data/parts/arch.xml
Parsing RTL primitives file [C:/Xilinx/14.7/ISE_DS/PlanAhead/data/parts/xilinx/rtl/prims/rtl_prims.xml]
Finished parsing RTL primitives file [C:/Xilinx/14.7/ISE_DS/PlanAhead/data/parts/xilinx/rtl/prims/rtl_prims.xml]
start_gui
source C:/Users/rv/Desktop/tyt_cpu2/tyt_cpu2/pa.fromHdl.tcl
# create_project -name tyt_cpu2 -dir "C:/Users/rv/Desktop/tyt_cpu2/tyt_cpu2/planAhead_run_1" -part xc3s1200efg320-4
# set_param project.pinAheadLayout yes
INFO: [Common 17-41] Interrupt caught. Command should exit soon.
INFO: [Common 17-344] 'set_param' was cancelled
INFO: [Common 17-344] 'source' was cancelled
exit
ERROR: [PlanAhead 12-106] *** Exception: ui.h.b: Found deleted key in HTclEventBroker. Verify if the classes listed here call cleanup()
HTclEvent: DEBUG_CORE_CONFIG_CHANGE   Classes: ui.views.aR 
HTclEvent: DEBUG_PORT_CONFIG_CHANGE   Classes: ui.views.aR 
HTclEvent: SIGNAL_MODIFY   Classes: ui.views.aR 
HTclEvent: SIGNAL_BUS_MODIFY   Classes: ui.views.aR 
 (See C:/Users/rv/Desktop/tyt_cpu2/tyt_cpu2\planAhead_pid7232.debug)
ERROR: [Common 17-39] 'stop_gui' failed due to earlier errors.
INFO: [Common 17-206] Exiting PlanAhead at Mon Dec 04 22:31:44 2017...
INFO: [Common 17-83] Releasing license: PlanAhead
