#-----------------------------------------------------------
# PlanAhead v14.7
# Build 321239 by xbuild on Fri Sep 27 19:31:35 MDT 2013
# Start of session at: Thu Nov 30 20:45:24 2017
# Process ID: 5716
# Log file: C:/Users/Yijun Tan/Desktop/threeweeks/tyt_cpu/planAhead_run_2/planAhead.log
# Journal file: C:/Users/Yijun Tan/Desktop/threeweeks/tyt_cpu/planAhead_run_2/planAhead.jou
#-----------------------------------------------------------
INFO: [Common 17-78] Attempting to get a license: PlanAhead
INFO: [Common 17-290] Got license for PlanAhead
INFO: [Common 17-86] Your PlanAhead license expires in -334 day(s)
INFO: [Device 21-36] Loading parts and site information from C:/Xilinx/14.7/ISE_DS/PlanAhead/data/parts/arch.xml
Parsing RTL primitives file [C:/Xilinx/14.7/ISE_DS/PlanAhead/data/parts/xilinx/rtl/prims/rtl_prims.xml]
Finished parsing RTL primitives file [C:/Xilinx/14.7/ISE_DS/PlanAhead/data/parts/xilinx/rtl/prims/rtl_prims.xml]
start_gui
source {C:/Users/Yijun Tan/Desktop/threeweeks/tyt_cpu/pa.fromHdl.tcl}
# create_project -name tyt_cpu -dir "C:/Users/Yijun Tan/Desktop/threeweeks/tyt_cpu/planAhead_run_2" -part xc3s1200efg320-4
# set_param project.pinAheadLayout yes
# set srcset [get_property srcset [current_run -impl]]
# set_property target_constrs_file "tyt_cpu.ucf" [current_fileset -constrset]
Adding file 'C:/Users/Yijun Tan/Desktop/threeweeks/tyt_cpu/tyt_cpu.ucf' to fileset 'constrs_1'
# set hdlfile [add_files [list {tyt_cpu.vhd}]]
# set_property file_type VHDL $hdlfile
# set_property library work $hdlfile
# set_property top tyt_cpu $srcset
# add_files [list {tyt_cpu.ucf}] -fileset [get_property constrset [current_run]]
# open_rtl_design -part xc3s1200efg320-4
Using Verific elaboration
Parsing VHDL file "C:/Xilinx/14.7/ISE_DS/PlanAhead/data/parts/xilinx/rtl/lib/synplify/synattr.vhd" into library synplify
Parsing VHDL file "C:/Xilinx/14.7/ISE_DS/PlanAhead/data/parts/xilinx/rtl/lib/synplify/synattr.vhd" into library synplify
Parsing VHDL file "C:/Users/Yijun Tan/Desktop/threeweeks/tyt_cpu/tyt_cpu.vhd" into library work
INFO: [Designutils 20-910] Reading macro library C:/Xilinx/14.7/ISE_DS/PlanAhead/data\./parts/xilinx/spartan3e/spartan3e/hd_int_macros.edn
Parsing EDIF File [C:/Xilinx/14.7/ISE_DS/PlanAhead/data\./parts/xilinx/spartan3e/spartan3e/hd_int_macros.edn]
Finished Parsing EDIF File [C:/Xilinx/14.7/ISE_DS/PlanAhead/data\./parts/xilinx/spartan3e/spartan3e/hd_int_macros.edn]
Loading clock regions from C:/Xilinx/14.7/ISE_DS/PlanAhead/data\parts/xilinx/spartan3e/spartan3e/xc3s1200e/ClockRegion.xml
Loading clock buffers from C:/Xilinx/14.7/ISE_DS/PlanAhead/data\parts/xilinx/spartan3e/spartan3e/xc3s1200e/ClockBuffers.xml
Loading package from C:/Xilinx/14.7/ISE_DS/PlanAhead/data\parts/xilinx/spartan3e/spartan3e/xc3s1200e/fg320/Package.xml
Loading io standards from C:/Xilinx/14.7/ISE_DS/PlanAhead/data\./parts/xilinx/spartan3e/IOStandards.xml
INFO: [Device 21-19] Loading pkg sso from C:/Xilinx/14.7/ISE_DS/PlanAhead/data\parts/xilinx/spartan3e/spartan3e/xc3s1200e/fg320/SSORules.xml
Loading list of drcs for the architecture : C:/Xilinx/14.7/ISE_DS/PlanAhead/data\./parts/xilinx/spartan3e/spartan3e/drc.xml
INFO: [Timing 38-77] Reading timing library C:/Xilinx/14.7/ISE_DS/PlanAhead/data\parts/xilinx/spartan3e/spartan3e/spartan3e-4.lib.
INFO: [Timing 38-34] Done reading timing library C:/Xilinx/14.7/ISE_DS/PlanAhead/data\parts/xilinx/spartan3e/spartan3e/spartan3e-4.lib.
Parsing UCF File [C:/Users/Yijun Tan/Desktop/threeweeks/tyt_cpu/tyt_cpu.ucf]
Finished Parsing UCF File [C:/Users/Yijun Tan/Desktop/threeweeks/tyt_cpu/tyt_cpu.ucf]
INFO: [Project 1-111] Unisim Transformation Summary:
No Unisim elements were transformed.

Phase 0 | Netlist Checksum: f9acb792
open_rtl_design: Time (s): elapsed = 00:00:07 . Memory (MB): peak = 503.941 ; gain = 69.063
update_compile_order -fileset sim_1
exit
ERROR: [PlanAhead 12-106] *** Exception: ui.h.b: Found deleted key in HTclEventBroker. Verify if the classes listed here call cleanup()
HTclEvent: DEBUG_CORE_CONFIG_CHANGE   Classes: ui.views.aR
HTclEvent: DEBUG_PORT_CONFIG_CHANGE   Classes: ui.views.aR
HTclEvent: SIGNAL_MODIFY   Classes: ui.views.aR
HTclEvent: SIGNAL_BUS_MODIFY   Classes: ui.views.aR
 (See C:/Users/Yijun Tan/Desktop/threeweeks/tyt_cpu\planAhead_pid5716.debug)
ERROR: [Common 17-39] 'stop_gui' failed due to earlier errors.
INFO: [Common 17-206] Exiting PlanAhead at Thu Nov 30 20:50:07 2017...
INFO: [Common 17-83] Releasing license: PlanAhead
